<?xml version="1.0" encoding="UTF-8" ?>
<testsuite tests="35" failures="0" name="edu.cornell.mannlib.vivo.auth.policy.SelfEditorRelationshipPolicyTest" time="0.094" errors="0" skipped="0">
  <properties>
[...]
</properties>
  <testcase classname="edu.cornell.mannlib.vivo.auth.policy.SelfEditorRelationshipPolicyTest" name="objectPropObjectIsIceWithSelfEditingAuthor" time="0.023"/>
  <testcase classname="edu.cornell.mannlib.vivo.auth.policy.SelfEditorRelationshipPolicyTest" name="objectPropSubjectIsIceButWrongEditor" time="0.013"/>
  <testcase classname="edu.cornell.mannlib.vivo.auth.policy.SelfEditorRelationshipPolicyTest" name="objectPropObjectIsIceWithSelfEditingEditor" time="0"/>
  <testcase classname="edu.cornell.mannlib.vivo.auth.policy.SelfEditorRelationshipPolicyTest" name="requestedActionOutOfScope" time="0.001"/>
  <testcase classname="edu.cornell.mannlib.vivo.auth.policy.SelfEditorRelationshipPolicyTest" name="whoIsNull" time="0.001"/>
  <testcase classname="edu.cornell.mannlib.vivo.auth.policy.SelfEditorRelationshipPolicyTest" name="objectPropNeitherSubjectOrObjectIsIce" time="0.002"/>
  <testcase classname="edu.cornell.mannlib.vivo.auth.policy.SelfEditorRelationshipPolicyTest" name="whatIsNull" time="0"/>
  <testcase classname="edu.cornell.mannlib.vivo.auth.policy.SelfEditorRelationshipPolicyTest" name="dataPropPredicateIsRestricted" time="0.005"/>
  <testcase classname="edu.cornell.mannlib.vivo.auth.policy.SelfEditorRelationshipPolicyTest" name="objectPropSubjectIsRestricted" time="0.001"/>
  <testcase classname="edu.cornell.mannlib.vivo.auth.policy.SelfEditorRelationshipPolicyTest" name="objectPropObjectIsIceButWrongFeatured" time="0.002"/>
  <testcase classname="edu.cornell.mannlib.vivo.auth.policy.SelfEditorRelationshipPolicyTest" name="objectPropSubjectIsIceWithSelfEditingAuthor" time="0.002"/>
  <testcase classname="edu.cornell.mannlib.vivo.auth.policy.SelfEditorRelationshipPolicyTest" name="dataPropSubjectIsIceButWrongAuthor" time="0.003"/>
  <testcase classname="edu.cornell.mannlib.vivo.auth.policy.SelfEditorRelationshipPolicyTest" name="objectPropSubjectIsIceWithSelfEditingEditor" time="0.002"/>
  <testcase classname="edu.cornell.mannlib.vivo.auth.policy.SelfEditorRelationshipPolicyTest" name="dataPropSubjectIsIceButWrongEditor" time="0.002"/>
  <testcase classname="edu.cornell.mannlib.vivo.auth.policy.SelfEditorRelationshipPolicyTest" name="dataPropSubjectIsIceButNoAuthorsOrEditorsOrFeatured" time="0.002"/>
  <testcase classname="edu.cornell.mannlib.vivo.auth.policy.SelfEditorRelationshipPolicyTest" name="dataPropSubjectIsIceWithSelfEditingFeatured" time="0.003"/>
  <testcase classname="edu.cornell.mannlib.vivo.auth.policy.SelfEditorRelationshipPolicyTest" name="objectPropObjectIsIceButNoAuthorsOrEditors" time="0.003"/>
  <testcase classname="edu.cornell.mannlib.vivo.auth.policy.SelfEditorRelationshipPolicyTest" name="dataPropSubjectIsIceWithSelfEditingAuthor" time="0.001"/>
  <testcase classname="edu.cornell.mannlib.vivo.auth.policy.SelfEditorRelationshipPolicyTest" name="objectPropObjectIsIceWithSelfEditingFeatured" time="0.002"/>
  <testcase classname="edu.cornell.mannlib.vivo.auth.policy.SelfEditorRelationshipPolicyTest" name="dataPropSubjectIsIceWithSelfEditingEditor" time="0.002"/>
  <testcase classname="edu.cornell.mannlib.vivo.auth.policy.SelfEditorRelationshipPolicyTest" name="objectPropPredicateIsRestricted" time="0.001"/>
  <testcase classname="edu.cornell.mannlib.vivo.auth.policy.SelfEditorRelationshipPolicyTest" name="dataPropSubjectIsNotIce" time="0.002"/>
  <testcase classname="edu.cornell.mannlib.vivo.auth.policy.SelfEditorRelationshipPolicyTest" name="objectPropSubjectIsIceButNobodyIsSelfEditing" time="0.001"/>
  <testcase classname="edu.cornell.mannlib.vivo.auth.policy.SelfEditorRelationshipPolicyTest" name="dataPropSubjectIsIceButWrongFeatured" time="0.002"/>
  <testcase classname="edu.cornell.mannlib.vivo.auth.policy.SelfEditorRelationshipPolicyTest" name="objectPropObjectIsIcebutNobodyIsSelfEditing" time="0.001"/>
  <testcase classname="edu.cornell.mannlib.vivo.auth.policy.SelfEditorRelationshipPolicyTest" name="objectPropSubjectIsIceWithSelfEditingFeatured" time="0.001"/>
  <testcase classname="edu.cornell.mannlib.vivo.auth.policy.SelfEditorRelationshipPolicyTest" name="dataPropSubjectIsRestricted" time="0.001"/>
  <testcase classname="edu.cornell.mannlib.vivo.auth.policy.SelfEditorRelationshipPolicyTest" name="dataPropSubjectIsIceButNobodyIsSelfEditing" time="0.001"/>
  <testcase classname="edu.cornell.mannlib.vivo.auth.policy.SelfEditorRelationshipPolicyTest" name="objectPropObjectIsIceButWrongAuthor" time="0.002"/>
  <testcase classname="edu.cornell.mannlib.vivo.auth.policy.SelfEditorRelationshipPolicyTest" name="objectPropObjectIsIceButWrongEditor" time="0.002"/>
  <testcase classname="edu.cornell.mannlib.vivo.auth.policy.SelfEditorRelationshipPolicyTest" name="objectPropSubjectIsIceButNoAuthorsOrEditorsOrFeatured" time="0.003"/>
  <testcase classname="edu.cornell.mannlib.vivo.auth.policy.SelfEditorRelationshipPolicyTest" name="objectPropSubjectIsIceButWrongFeatured" time="0.002"/>
  <testcase classname="edu.cornell.mannlib.vivo.auth.policy.SelfEditorRelationshipPolicyTest" name="objectPropObjectIsRestricted" time="0.005"/>
  <testcase classname="edu.cornell.mannlib.vivo.auth.policy.SelfEditorRelationshipPolicyTest" name="objectPropSubjectIsIceButWrongAuthor" time="0"/>
  <testcase classname="edu.cornell.mannlib.vivo.auth.policy.SelfEditorRelationshipPolicyTest" name="notSelfEditing" time="0"/>
</testsuite>