<?xml version="1.0" encoding="UTF-8" ?>
<testsuite tests="18" failures="0" name="edu.cornell.mannlib.vitro.webapp.web.templatemodels.individual.ObjectPropertyTemplateModel_PropertyListConfigTest" time="1.238" errors="0" skipped="0">
  <properties>
[...]
</properties>
  <testcase classname="edu.cornell.mannlib.vitro.webapp.web.templatemodels.individual.ObjectPropertyTemplateModel_PropertyListConfigTest" name="operationIsNull" time="0.029"/>
  <testcase classname="edu.cornell.mannlib.vitro.webapp.web.templatemodels.individual.ObjectPropertyTemplateModel_PropertyListConfigTest" name="configFileNotSpecified" time="0.297"/>
  <testcase classname="edu.cornell.mannlib.vitro.webapp.web.templatemodels.individual.ObjectPropertyTemplateModel_PropertyListConfigTest" name="configFilePathCantBeTranslated" time="0.024"/>
  <testcase classname="edu.cornell.mannlib.vitro.webapp.web.templatemodels.individual.ObjectPropertyTemplateModel_PropertyListConfigTest" name="templateDoesNotExist" time="0.021"/>
  <testcase classname="edu.cornell.mannlib.vitro.webapp.web.templatemodels.individual.ObjectPropertyTemplateModel_PropertyListConfigTest" name="postProcessorClassHasWrongConstructor" time="0.009"/>
  <testcase classname="edu.cornell.mannlib.vitro.webapp.web.templatemodels.individual.ObjectPropertyTemplateModel_PropertyListConfigTest" name="subjectIsNull" time="0"/>
  <testcase classname="edu.cornell.mannlib.vitro.webapp.web.templatemodels.individual.ObjectPropertyTemplateModel_PropertyListConfigTest" name="postProcessorConstructorThrowsAnException" time="0.006"/>
  <testcase classname="edu.cornell.mannlib.vitro.webapp.web.templatemodels.individual.ObjectPropertyTemplateModel_PropertyListConfigTest" name="postProcessorClassNotFound" time="0.004"/>
  <testcase classname="edu.cornell.mannlib.vitro.webapp.web.templatemodels.individual.ObjectPropertyTemplateModel_PropertyListConfigTest" name="collatedNoSubclassOrder" time="0.004"/>
  <testcase classname="edu.cornell.mannlib.vitro.webapp.web.templatemodels.individual.ObjectPropertyTemplateModel_PropertyListConfigTest" name="collatedNoSubclassSelector" time="0.004"/>
  <testcase classname="edu.cornell.mannlib.vitro.webapp.web.templatemodels.individual.ObjectPropertyTemplateModel_PropertyListConfigTest" name="collatedValid" time="0.004"/>
  <testcase classname="edu.cornell.mannlib.vitro.webapp.web.templatemodels.individual.ObjectPropertyTemplateModel_PropertyListConfigTest" name="requestIsNull" time="0"/>
  <testcase classname="edu.cornell.mannlib.vitro.webapp.web.templatemodels.individual.ObjectPropertyTemplateModel_PropertyListConfigTest" name="postProcessorNameEmpty" time="0.002"/>
  <testcase classname="edu.cornell.mannlib.vitro.webapp.web.templatemodels.individual.ObjectPropertyTemplateModel_PropertyListConfigTest" name="postProcessorClassIsNotSuitable" time="0.008"/>
  <testcase classname="edu.cornell.mannlib.vitro.webapp.web.templatemodels.individual.ObjectPropertyTemplateModel_PropertyListConfigTest" name="postProcessorOK" time="0.005"/>
  <testcase classname="edu.cornell.mannlib.vitro.webapp.web.templatemodels.individual.ObjectPropertyTemplateModel_PropertyListConfigTest" name="constructQueryNodeMissing" time="0.798"/>
  <testcase classname="edu.cornell.mannlib.vitro.webapp.web.templatemodels.individual.ObjectPropertyTemplateModel_PropertyListConfigTest" name="constructQueryMultipleValues" time="0.017"/>
  <testcase classname="edu.cornell.mannlib.vitro.webapp.web.templatemodels.individual.ObjectPropertyTemplateModel_PropertyListConfigTest" name="configFileNotFound" time="0.006"/>
</testsuite>