<?xml version="1.0" encoding="UTF-8" ?>
<testsuite tests="173" failures="0" name="edu.cornell.mannlib.vitro.webapp.filters.URLRewritingHttpServletResponseTest" time="0.081" errors="0" skipped="0">
  <properties>
[...]
</properties>
  <testcase classname="edu.cornell.mannlib.vitro.webapp.filters.URLRewritingHttpServletResponseTest" name="test04993" time="0.02"/>
  <testcase classname="edu.cornell.mannlib.vitro.webapp.filters.URLRewritingHttpServletResponseTest" name="test04994" time="0.001"/>
  <testcase classname="edu.cornell.mannlib.vitro.webapp.filters.URLRewritingHttpServletResponseTest" name="test04995" time="0"/>
  <testcase classname="edu.cornell.mannlib.vitro.webapp.filters.URLRewritingHttpServletResponseTest" name="test04996" time="0.001"/>
  <testcase classname="edu.cornell.mannlib.vitro.webapp.filters.URLRewritingHttpServletResponseTest" name="test04997" time="0"/>
  <testcase classname="edu.cornell.mannlib.vitro.webapp.filters.URLRewritingHttpServletResponseTest" name="test04999" time="0.003"/>
  <testcase classname="edu.cornell.mannlib.vitro.webapp.filters.URLRewritingHttpServletResponseTest" name="test05000" time="0.001"/>
  <testcase classname="edu.cornell.mannlib.vitro.webapp.filters.URLRewritingHttpServletResponseTest" name="test11309" time="0"/>
  <testcase classname="edu.cornell.mannlib.vitro.webapp.filters.URLRewritingHttpServletResponseTest" name="test11310" time="0.003"/>
  <testcase classname="edu.cornell.mannlib.vitro.webapp.filters.URLRewritingHttpServletResponseTest" name="test11311" time="0.008"/>
  <testcase classname="edu.cornell.mannlib.vitro.webapp.filters.URLRewritingHttpServletResponseTest" name="test11312" time="0"/>
  <testcase classname="edu.cornell.mannlib.vitro.webapp.filters.URLRewritingHttpServletResponseTest" name="test11313" time="0"/>
  <testcase classname="edu.cornell.mannlib.vitro.webapp.filters.URLRewritingHttpServletResponseTest" name="test11314" time="0"/>
  <testcase classname="edu.cornell.mannlib.vitro.webapp.filters.URLRewritingHttpServletResponseTest" name="test11315" time="0"/>
  <testcase classname="edu.cornell.mannlib.vitro.webapp.filters.URLRewritingHttpServletResponseTest" name="test11317" time="0"/>
  <testcase classname="edu.cornell.mannlib.vitro.webapp.filters.URLRewritingHttpServletResponseTest" name="test11318" time="0.001"/>
  <testcase classname="edu.cornell.mannlib.vitro.webapp.filters.URLRewritingHttpServletResponseTest" name="test11319" time="0"/>
  <testcase classname="edu.cornell.mannlib.vitro.webapp.filters.URLRewritingHttpServletResponseTest" name="test11320" time="0.001"/>
  <testcase classname="edu.cornell.mannlib.vitro.webapp.filters.URLRewritingHttpServletResponseTest" name="test11321" time="0"/>
  <testcase classname="edu.cornell.mannlib.vitro.webapp.filters.URLRewritingHttpServletResponseTest" name="test11322" time="0"/>
  <testcase classname="edu.cornell.mannlib.vitro.webapp.filters.URLRewritingHttpServletResponseTest" name="test11323" time="0"/>
  <testcase classname="edu.cornell.mannlib.vitro.webapp.filters.URLRewritingHttpServletResponseTest" name="test13898" time="0"/>
  <testcase classname="edu.cornell.mannlib.vitro.webapp.filters.URLRewritingHttpServletResponseTest" name="test13899" time="0"/>
  <testcase classname="edu.cornell.mannlib.vitro.webapp.filters.URLRewritingHttpServletResponseTest" name="test14550" time="0"/>
  <testcase classname="edu.cornell.mannlib.vitro.webapp.filters.URLRewritingHttpServletResponseTest" name="test14551" time="0"/>
  <testcase classname="edu.cornell.mannlib.vitro.webapp.filters.URLRewritingHttpServletResponseTest" name="test14552" time="0"/>
  <testcase classname="edu.cornell.mannlib.vitro.webapp.filters.URLRewritingHttpServletResponseTest" name="test14556" time="0"/>
  <testcase classname="edu.cornell.mannlib.vitro.webapp.filters.URLRewritingHttpServletResponseTest" name="test14557" time="0"/>
  <testcase classname="edu.cornell.mannlib.vitro.webapp.filters.URLRewritingHttpServletResponseTest" name="test14561" time="0"/>
  <testcase classname="edu.cornell.mannlib.vitro.webapp.filters.URLRewritingHttpServletResponseTest" name="test14565" time="0"/>
  <testcase classname="edu.cornell.mannlib.vitro.webapp.filters.URLRewritingHttpServletResponseTest" name="test14566" time="0"/>
  <testcase classname="edu.cornell.mannlib.vitro.webapp.filters.URLRewritingHttpServletResponseTest" name="test14567" time="0"/>
  <testcase classname="edu.cornell.mannlib.vitro.webapp.filters.URLRewritingHttpServletResponseTest" name="test14568" time="0"/>
  <testcase classname="edu.cornell.mannlib.vitro.webapp.filters.URLRewritingHttpServletResponseTest" name="test14569" time="0"/>
  <testcase classname="edu.cornell.mannlib.vitro.webapp.filters.URLRewritingHttpServletResponseTest" name="test14842" time="0"/>
  <testcase classname="edu.cornell.mannlib.vitro.webapp.filters.URLRewritingHttpServletResponseTest" name="test14846" time="0"/>
  <testcase classname="edu.cornell.mannlib.vitro.webapp.filters.URLRewritingHttpServletResponseTest" name="test14851" time="0"/>
  <testcase classname="edu.cornell.mannlib.vitro.webapp.filters.URLRewritingHttpServletResponseTest" name="test14852" time="0"/>
  <testcase classname="edu.cornell.mannlib.vitro.webapp.filters.URLRewritingHttpServletResponseTest" name="test14853" time="0"/>
  <testcase classname="edu.cornell.mannlib.vitro.webapp.filters.URLRewritingHttpServletResponseTest" name="test14958" time="0"/>
  <testcase classname="edu.cornell.mannlib.vitro.webapp.filters.URLRewritingHttpServletResponseTest" name="test14968" time="0"/>
  <testcase classname="edu.cornell.mannlib.vitro.webapp.filters.URLRewritingHttpServletResponseTest" name="test14972" time="0"/>
  <testcase classname="edu.cornell.mannlib.vitro.webapp.filters.URLRewritingHttpServletResponseTest" name="test14979" time="0"/>
  <testcase classname="edu.cornell.mannlib.vitro.webapp.filters.URLRewritingHttpServletResponseTest" name="test14980" time="0"/>
  <testcase classname="edu.cornell.mannlib.vitro.webapp.filters.URLRewritingHttpServletResponseTest" name="test14982" time="0"/>
  <testcase classname="edu.cornell.mannlib.vitro.webapp.filters.URLRewritingHttpServletResponseTest" name="test14986" time="0"/>
  <testcase classname="edu.cornell.mannlib.vitro.webapp.filters.URLRewritingHttpServletResponseTest" name="test14999" time="0.001"/>
  <testcase classname="edu.cornell.mannlib.vitro.webapp.filters.URLRewritingHttpServletResponseTest" name="test15011" time="0"/>
  <testcase classname="edu.cornell.mannlib.vitro.webapp.filters.URLRewritingHttpServletResponseTest" name="test15014" time="0"/>
  <testcase classname="edu.cornell.mannlib.vitro.webapp.filters.URLRewritingHttpServletResponseTest" name="test15143" time="0"/>
  <testcase classname="edu.cornell.mannlib.vitro.webapp.filters.URLRewritingHttpServletResponseTest" name="test17004" time="0.001"/>
  <testcase classname="edu.cornell.mannlib.vitro.webapp.filters.URLRewritingHttpServletResponseTest" name="test17017" time="0"/>
  <testcase classname="edu.cornell.mannlib.vitro.webapp.filters.URLRewritingHttpServletResponseTest" name="test17021" time="0.001"/>
  <testcase classname="edu.cornell.mannlib.vitro.webapp.filters.URLRewritingHttpServletResponseTest" name="test17033" time="0"/>
  <testcase classname="edu.cornell.mannlib.vitro.webapp.filters.URLRewritingHttpServletResponseTest" name="test18467" time="0.001"/>
  <testcase classname="edu.cornell.mannlib.vitro.webapp.filters.URLRewritingHttpServletResponseTest" name="test18468" time="0"/>
  <testcase classname="edu.cornell.mannlib.vitro.webapp.filters.URLRewritingHttpServletResponseTest" name="test18472" time="0"/>
  <testcase classname="edu.cornell.mannlib.vitro.webapp.filters.URLRewritingHttpServletResponseTest" name="test18506" time="0.001"/>
  <testcase classname="edu.cornell.mannlib.vitro.webapp.filters.URLRewritingHttpServletResponseTest" name="test18512" time="0"/>
  <testcase classname="edu.cornell.mannlib.vitro.webapp.filters.URLRewritingHttpServletResponseTest" name="test18516" time="0"/>
  <testcase classname="edu.cornell.mannlib.vitro.webapp.filters.URLRewritingHttpServletResponseTest" name="test18543" time="0.001"/>
  <testcase classname="edu.cornell.mannlib.vitro.webapp.filters.URLRewritingHttpServletResponseTest" name="test18544" time="0"/>
  <testcase classname="edu.cornell.mannlib.vitro.webapp.filters.URLRewritingHttpServletResponseTest" name="test18545" time="0"/>
  <testcase classname="edu.cornell.mannlib.vitro.webapp.filters.URLRewritingHttpServletResponseTest" name="test18546" time="0.001"/>
  <testcase classname="edu.cornell.mannlib.vitro.webapp.filters.URLRewritingHttpServletResponseTest" name="test18547" time="0"/>
  <testcase classname="edu.cornell.mannlib.vitro.webapp.filters.URLRewritingHttpServletResponseTest" name="test27127" time="0"/>
  <testcase classname="edu.cornell.mannlib.vitro.webapp.filters.URLRewritingHttpServletResponseTest" name="test27130" time="0"/>
  <testcase classname="edu.cornell.mannlib.vitro.webapp.filters.URLRewritingHttpServletResponseTest" name="test27159" time="0.001"/>
  <testcase classname="edu.cornell.mannlib.vitro.webapp.filters.URLRewritingHttpServletResponseTest" name="test27160" time="0"/>
  <testcase classname="edu.cornell.mannlib.vitro.webapp.filters.URLRewritingHttpServletResponseTest" name="test27161" time="0"/>
  <testcase classname="edu.cornell.mannlib.vitro.webapp.filters.URLRewritingHttpServletResponseTest" name="test27166" time="0"/>
  <testcase classname="edu.cornell.mannlib.vitro.webapp.filters.URLRewritingHttpServletResponseTest" name="test28454" time="0"/>
  <testcase classname="edu.cornell.mannlib.vitro.webapp.filters.URLRewritingHttpServletResponseTest" name="test28458" time="0.001"/>
  <testcase classname="edu.cornell.mannlib.vitro.webapp.filters.URLRewritingHttpServletResponseTest" name="test29078" time="0"/>
  <testcase classname="edu.cornell.mannlib.vitro.webapp.filters.URLRewritingHttpServletResponseTest" name="test29081" time="0"/>
  <testcase classname="edu.cornell.mannlib.vitro.webapp.filters.URLRewritingHttpServletResponseTest" name="test29084" time="0"/>
  <testcase classname="edu.cornell.mannlib.vitro.webapp.filters.URLRewritingHttpServletResponseTest" name="test29085" time="0"/>
  <testcase classname="edu.cornell.mannlib.vitro.webapp.filters.URLRewritingHttpServletResponseTest" name="test29086" time="0.001"/>
  <testcase classname="edu.cornell.mannlib.vitro.webapp.filters.URLRewritingHttpServletResponseTest" name="test29087" time="0"/>
  <testcase classname="edu.cornell.mannlib.vitro.webapp.filters.URLRewritingHttpServletResponseTest" name="test35560" time="0"/>
  <testcase classname="edu.cornell.mannlib.vitro.webapp.filters.URLRewritingHttpServletResponseTest" name="test35562" time="0.001"/>
  <testcase classname="edu.cornell.mannlib.vitro.webapp.filters.URLRewritingHttpServletResponseTest" name="test35564" time="0"/>
  <testcase classname="edu.cornell.mannlib.vitro.webapp.filters.URLRewritingHttpServletResponseTest" name="test35568" time="0"/>
  <testcase classname="edu.cornell.mannlib.vitro.webapp.filters.URLRewritingHttpServletResponseTest" name="test35617" time="0"/>
  <testcase classname="edu.cornell.mannlib.vitro.webapp.filters.URLRewritingHttpServletResponseTest" name="test35618" time="0"/>
  <testcase classname="edu.cornell.mannlib.vitro.webapp.filters.URLRewritingHttpServletResponseTest" name="test37150" time="0.001"/>
  <testcase classname="edu.cornell.mannlib.vitro.webapp.filters.URLRewritingHttpServletResponseTest" name="test37402" time="0"/>
  <testcase classname="edu.cornell.mannlib.vitro.webapp.filters.URLRewritingHttpServletResponseTest" name="test37403" time="0"/>
  <testcase classname="edu.cornell.mannlib.vitro.webapp.filters.URLRewritingHttpServletResponseTest" name="test38667" time="0.001"/>
  <testcase classname="edu.cornell.mannlib.vitro.webapp.filters.URLRewritingHttpServletResponseTest" name="test38687" time="0"/>
  <testcase classname="edu.cornell.mannlib.vitro.webapp.filters.URLRewritingHttpServletResponseTest" name="test38693" time="0.002"/>
  <testcase classname="edu.cornell.mannlib.vitro.webapp.filters.URLRewritingHttpServletResponseTest" name="test38694" time="0"/>
  <testcase classname="edu.cornell.mannlib.vitro.webapp.filters.URLRewritingHttpServletResponseTest" name="test38695" time="0"/>
  <testcase classname="edu.cornell.mannlib.vitro.webapp.filters.URLRewritingHttpServletResponseTest" name="test38696" time="0"/>
  <testcase classname="edu.cornell.mannlib.vitro.webapp.filters.URLRewritingHttpServletResponseTest" name="test39149" time="0.001"/>
  <testcase classname="edu.cornell.mannlib.vitro.webapp.filters.URLRewritingHttpServletResponseTest" name="test39153" time="0"/>
  <testcase classname="edu.cornell.mannlib.vitro.webapp.filters.URLRewritingHttpServletResponseTest" name="test39472" time="0"/>
  <testcase classname="edu.cornell.mannlib.vitro.webapp.filters.URLRewritingHttpServletResponseTest" name="test39473" time="0"/>
  <testcase classname="edu.cornell.mannlib.vitro.webapp.filters.URLRewritingHttpServletResponseTest" name="test39474" time="0.001"/>
  <testcase classname="edu.cornell.mannlib.vitro.webapp.filters.URLRewritingHttpServletResponseTest" name="test39475" time="0"/>
  <testcase classname="edu.cornell.mannlib.vitro.webapp.filters.URLRewritingHttpServletResponseTest" name="test40984" time="0"/>
  <testcase classname="edu.cornell.mannlib.vitro.webapp.filters.URLRewritingHttpServletResponseTest" name="test40988" time="0"/>
  <testcase classname="edu.cornell.mannlib.vitro.webapp.filters.URLRewritingHttpServletResponseTest" name="test40994" time="0"/>
  <testcase classname="edu.cornell.mannlib.vitro.webapp.filters.URLRewritingHttpServletResponseTest" name="test40995" time="0"/>
  <testcase classname="edu.cornell.mannlib.vitro.webapp.filters.URLRewritingHttpServletResponseTest" name="test40996" time="0.001"/>
  <testcase classname="edu.cornell.mannlib.vitro.webapp.filters.URLRewritingHttpServletResponseTest" name="test40999" time="0"/>
  <testcase classname="edu.cornell.mannlib.vitro.webapp.filters.URLRewritingHttpServletResponseTest" name="test41004" time="0"/>
  <testcase classname="edu.cornell.mannlib.vitro.webapp.filters.URLRewritingHttpServletResponseTest" name="test41133" time="0.001"/>
  <testcase classname="edu.cornell.mannlib.vitro.webapp.filters.URLRewritingHttpServletResponseTest" name="test41464" time="0"/>
  <testcase classname="edu.cornell.mannlib.vitro.webapp.filters.URLRewritingHttpServletResponseTest" name="test41465" time="0"/>
  <testcase classname="edu.cornell.mannlib.vitro.webapp.filters.URLRewritingHttpServletResponseTest" name="test42083" time="0.001"/>
  <testcase classname="edu.cornell.mannlib.vitro.webapp.filters.URLRewritingHttpServletResponseTest" name="test42084" time="0"/>
  <testcase classname="edu.cornell.mannlib.vitro.webapp.filters.URLRewritingHttpServletResponseTest" name="test42085" time="0"/>
  <testcase classname="edu.cornell.mannlib.vitro.webapp.filters.URLRewritingHttpServletResponseTest" name="test42086" time="0.001"/>
  <testcase classname="edu.cornell.mannlib.vitro.webapp.filters.URLRewritingHttpServletResponseTest" name="test42087" time="0"/>
  <testcase classname="edu.cornell.mannlib.vitro.webapp.filters.URLRewritingHttpServletResponseTest" name="test42088" time="0"/>
  <testcase classname="edu.cornell.mannlib.vitro.webapp.filters.URLRewritingHttpServletResponseTest" name="test42089" time="0.001"/>
  <testcase classname="edu.cornell.mannlib.vitro.webapp.filters.URLRewritingHttpServletResponseTest" name="test42090" time="0"/>
  <testcase classname="edu.cornell.mannlib.vitro.webapp.filters.URLRewritingHttpServletResponseTest" name="test42091" time="0.001"/>
  <testcase classname="edu.cornell.mannlib.vitro.webapp.filters.URLRewritingHttpServletResponseTest" name="test42110" time="0"/>
  <testcase classname="edu.cornell.mannlib.vitro.webapp.filters.URLRewritingHttpServletResponseTest" name="test43123" time="0"/>
  <testcase classname="edu.cornell.mannlib.vitro.webapp.filters.URLRewritingHttpServletResponseTest" name="test43124" time="0"/>
  <testcase classname="edu.cornell.mannlib.vitro.webapp.filters.URLRewritingHttpServletResponseTest" name="test43748" time="0"/>
  <testcase classname="edu.cornell.mannlib.vitro.webapp.filters.URLRewritingHttpServletResponseTest" name="test43749" time="0"/>
  <testcase classname="edu.cornell.mannlib.vitro.webapp.filters.URLRewritingHttpServletResponseTest" name="test43750" time="0.009"/>
  <testcase classname="edu.cornell.mannlib.vitro.webapp.filters.URLRewritingHttpServletResponseTest" name="test43754" time="0"/>
  <testcase classname="edu.cornell.mannlib.vitro.webapp.filters.URLRewritingHttpServletResponseTest" name="test43757" time="0"/>
  <testcase classname="edu.cornell.mannlib.vitro.webapp.filters.URLRewritingHttpServletResponseTest" name="test43760" time="0.001"/>
  <testcase classname="edu.cornell.mannlib.vitro.webapp.filters.URLRewritingHttpServletResponseTest" name="test43761" time="0"/>
  <testcase classname="edu.cornell.mannlib.vitro.webapp.filters.URLRewritingHttpServletResponseTest" name="test43762" time="0"/>
  <testcase classname="edu.cornell.mannlib.vitro.webapp.filters.URLRewritingHttpServletResponseTest" name="test43763" time="0"/>
  <testcase classname="edu.cornell.mannlib.vitro.webapp.filters.URLRewritingHttpServletResponseTest" name="test43764" time="0"/>
  <testcase classname="edu.cornell.mannlib.vitro.webapp.filters.URLRewritingHttpServletResponseTest" name="test47087" time="0"/>
  <testcase classname="edu.cornell.mannlib.vitro.webapp.filters.URLRewritingHttpServletResponseTest" name="test47088" time="0"/>
  <testcase classname="edu.cornell.mannlib.vitro.webapp.filters.URLRewritingHttpServletResponseTest" name="test47091" time="0"/>
  <testcase classname="edu.cornell.mannlib.vitro.webapp.filters.URLRewritingHttpServletResponseTest" name="test47093" time="0"/>
  <testcase classname="edu.cornell.mannlib.vitro.webapp.filters.URLRewritingHttpServletResponseTest" name="test48256" time="0"/>
  <testcase classname="edu.cornell.mannlib.vitro.webapp.filters.URLRewritingHttpServletResponseTest" name="test53543" time="0"/>
  <testcase classname="edu.cornell.mannlib.vitro.webapp.filters.URLRewritingHttpServletResponseTest" name="test53549" time="0"/>
  <testcase classname="edu.cornell.mannlib.vitro.webapp.filters.URLRewritingHttpServletResponseTest" name="test53555" time="0.001"/>
  <testcase classname="edu.cornell.mannlib.vitro.webapp.filters.URLRewritingHttpServletResponseTest" name="test53557" time="0"/>
  <testcase classname="edu.cornell.mannlib.vitro.webapp.filters.URLRewritingHttpServletResponseTest" name="test57982" time="0"/>
  <testcase classname="edu.cornell.mannlib.vitro.webapp.filters.URLRewritingHttpServletResponseTest" name="test57983" time="0"/>
  <testcase classname="edu.cornell.mannlib.vitro.webapp.filters.URLRewritingHttpServletResponseTest" name="test57986" time="0"/>
  <testcase classname="edu.cornell.mannlib.vitro.webapp.filters.URLRewritingHttpServletResponseTest" name="test57987" time="0"/>
  <testcase classname="edu.cornell.mannlib.vitro.webapp.filters.URLRewritingHttpServletResponseTest" name="test57988" time="0"/>
  <testcase classname="edu.cornell.mannlib.vitro.webapp.filters.URLRewritingHttpServletResponseTest" name="test57989" time="0"/>
  <testcase classname="edu.cornell.mannlib.vitro.webapp.filters.URLRewritingHttpServletResponseTest" name="test59983" time="0"/>
  <testcase classname="edu.cornell.mannlib.vitro.webapp.filters.URLRewritingHttpServletResponseTest" name="test1455200" time="0"/>
  <testcase classname="edu.cornell.mannlib.vitro.webapp.filters.URLRewritingHttpServletResponseTest" name="test113222" time="0"/>
  <testcase classname="edu.cornell.mannlib.vitro.webapp.filters.URLRewritingHttpServletResponseTest" name="test145610" time="0"/>
  <testcase classname="edu.cornell.mannlib.vitro.webapp.filters.URLRewritingHttpServletResponseTest" name="test145650" time="0.001"/>
  <testcase classname="edu.cornell.mannlib.vitro.webapp.filters.URLRewritingHttpServletResponseTest" name="test145660" time="0"/>
  <testcase classname="edu.cornell.mannlib.vitro.webapp.filters.URLRewritingHttpServletResponseTest" name="test145680" time="0"/>
  <testcase classname="edu.cornell.mannlib.vitro.webapp.filters.URLRewritingHttpServletResponseTest" name="test145690" time="0.004"/>
  <testcase classname="edu.cornell.mannlib.vitro.webapp.filters.URLRewritingHttpServletResponseTest" name="test148510" time="0"/>
  <testcase classname="edu.cornell.mannlib.vitro.webapp.filters.URLRewritingHttpServletResponseTest" name="test148530" time="0"/>
  <testcase classname="edu.cornell.mannlib.vitro.webapp.filters.URLRewritingHttpServletResponseTest" name="test184670" time="0"/>
  <testcase classname="edu.cornell.mannlib.vitro.webapp.filters.URLRewritingHttpServletResponseTest" name="test184680" time="0"/>
  <testcase classname="edu.cornell.mannlib.vitro.webapp.filters.URLRewritingHttpServletResponseTest" name="test185440" time="0"/>
  <testcase classname="edu.cornell.mannlib.vitro.webapp.filters.URLRewritingHttpServletResponseTest" name="test185470" time="0.001"/>
  <testcase classname="edu.cornell.mannlib.vitro.webapp.filters.URLRewritingHttpServletResponseTest" name="test271590" time="0"/>
  <testcase classname="edu.cornell.mannlib.vitro.webapp.filters.URLRewritingHttpServletResponseTest" name="test290860" time="0"/>
  <testcase classname="edu.cornell.mannlib.vitro.webapp.filters.URLRewritingHttpServletResponseTest" name="test356180" time="0"/>
  <testcase classname="edu.cornell.mannlib.vitro.webapp.filters.URLRewritingHttpServletResponseTest" name="test391499" time="0.001"/>
  <testcase classname="edu.cornell.mannlib.vitro.webapp.filters.URLRewritingHttpServletResponseTest" name="test394730" time="0"/>
  <testcase classname="edu.cornell.mannlib.vitro.webapp.filters.URLRewritingHttpServletResponseTest" name="test437500" time="0"/>
  <testcase classname="edu.cornell.mannlib.vitro.webapp.filters.URLRewritingHttpServletResponseTest" name="test437540" time="0"/>
  <testcase classname="edu.cornell.mannlib.vitro.webapp.filters.URLRewritingHttpServletResponseTest" name="test437610" time="0"/>
  <testcase classname="edu.cornell.mannlib.vitro.webapp.filters.URLRewritingHttpServletResponseTest" name="test437630" time="0"/>
  <testcase classname="edu.cornell.mannlib.vitro.webapp.filters.URLRewritingHttpServletResponseTest" name="test437640" time="0.001"/>
  <testcase classname="edu.cornell.mannlib.vitro.webapp.filters.URLRewritingHttpServletResponseTest" name="test470910" time="0"/>
  <testcase classname="edu.cornell.mannlib.vitro.webapp.filters.URLRewritingHttpServletResponseTest" name="test470930" time="0"/>
</testsuite>