<?xml version="1.0" encoding="UTF-8" ?>
<testsuite tests="29" failures="0" name="edu.cornell.mannlib.vitro.webapp.controller.accounts.UserAccountsSelectorTest" time="0.789" errors="0" skipped="0">
  <properties>
[...]
</properties>
  <testcase classname="edu.cornell.mannlib.vitro.webapp.controller.accounts.UserAccountsSelectorTest" name="sortByFirstNameDescending" time="0.085"/>
  <testcase classname="edu.cornell.mannlib.vitro.webapp.controller.accounts.UserAccountsSelectorTest" name="showFirstPageOfFifteen" time="0.061"/>
  <testcase classname="edu.cornell.mannlib.vitro.webapp.controller.accounts.UserAccountsSelectorTest" name="sortByFirstNameAscending" time="0.042"/>
  <testcase classname="edu.cornell.mannlib.vitro.webapp.controller.accounts.UserAccountsSelectorTest" name="criteriaIsNull" time="0.001"/>
  <testcase classname="edu.cornell.mannlib.vitro.webapp.controller.accounts.UserAccountsSelectorTest" name="sortByStatusAscending" time="0.031"/>
  <testcase classname="edu.cornell.mannlib.vitro.webapp.controller.accounts.UserAccountsSelectorTest" name="checkFieldsForRootUser" time="0.032"/>
  <testcase classname="edu.cornell.mannlib.vitro.webapp.controller.accounts.UserAccountsSelectorTest" name="showTenthPageOfThree" time="0.022"/>
  <testcase classname="edu.cornell.mannlib.vitro.webapp.controller.accounts.UserAccountsSelectorTest" name="sortByEmailAscending" time="0.026"/>
  <testcase classname="edu.cornell.mannlib.vitro.webapp.controller.accounts.UserAccountsSelectorTest" name="showFirstPageOfOne" time="0.024"/>
  <testcase classname="edu.cornell.mannlib.vitro.webapp.controller.accounts.UserAccountsSelectorTest" name="searchWithFilter" time="0.074"/>
  <testcase classname="edu.cornell.mannlib.vitro.webapp.controller.accounts.UserAccountsSelectorTest" name="searchTermContainsSpecialRegexCharacters" time="0.027"/>
  <testcase classname="edu.cornell.mannlib.vitro.webapp.controller.accounts.UserAccountsSelectorTest" name="filterAgainstRole1" time="0.046"/>
  <testcase classname="edu.cornell.mannlib.vitro.webapp.controller.accounts.UserAccountsSelectorTest" name="filterAgainstRole2" time="0.018"/>
  <testcase classname="edu.cornell.mannlib.vitro.webapp.controller.accounts.UserAccountsSelectorTest" name="searchTermFoundInAllThreeFields" time="0.031"/>
  <testcase classname="edu.cornell.mannlib.vitro.webapp.controller.accounts.UserAccountsSelectorTest" name="modelIsNull" time="0"/>
  <testcase classname="edu.cornell.mannlib.vitro.webapp.controller.accounts.UserAccountsSelectorTest" name="sortByLoginCountDescending" time="0.039"/>
  <testcase classname="edu.cornell.mannlib.vitro.webapp.controller.accounts.UserAccountsSelectorTest" name="sortByEmailDescending" time="0.021"/>
  <testcase classname="edu.cornell.mannlib.vitro.webapp.controller.accounts.UserAccountsSelectorTest" name="sortByLastNameAscending" time="0.022"/>
  <testcase classname="edu.cornell.mannlib.vitro.webapp.controller.accounts.UserAccountsSelectorTest" name="sortByStatusDescending" time="0.029"/>
  <testcase classname="edu.cornell.mannlib.vitro.webapp.controller.accounts.UserAccountsSelectorTest" name="showFirstPageOfFive" time="0.021"/>
  <testcase classname="edu.cornell.mannlib.vitro.webapp.controller.accounts.UserAccountsSelectorTest" name="sortByLastLoginTimeDescending" time="0.017"/>
  <testcase classname="edu.cornell.mannlib.vitro.webapp.controller.accounts.UserAccountsSelectorTest" name="checkAllFields" time="0.013"/>
  <testcase classname="edu.cornell.mannlib.vitro.webapp.controller.accounts.UserAccountsSelectorTest" name="searchWithFilterPaginatedWithFunkySortOrder" time="0.017"/>
  <testcase classname="edu.cornell.mannlib.vitro.webapp.controller.accounts.UserAccountsSelectorTest" name="filterAgainstNoSuchRole" time="0.014"/>
  <testcase classname="edu.cornell.mannlib.vitro.webapp.controller.accounts.UserAccountsSelectorTest" name="sortByLastNameDescending" time="0.018"/>
  <testcase classname="edu.cornell.mannlib.vitro.webapp.controller.accounts.UserAccountsSelectorTest" name="showSecondPageOfSeven" time="0.013"/>
  <testcase classname="edu.cornell.mannlib.vitro.webapp.controller.accounts.UserAccountsSelectorTest" name="sortByLastLoginTimeAscending" time="0.016"/>
  <testcase classname="edu.cornell.mannlib.vitro.webapp.controller.accounts.UserAccountsSelectorTest" name="searchTermNotFound" time="0.013"/>
  <testcase classname="edu.cornell.mannlib.vitro.webapp.controller.accounts.UserAccountsSelectorTest" name="sortByLoginCountAscending" time="0.016"/>
</testsuite>